0 info it worked if it ends with ok
1 verbose cli [ '/home/shelly/.nvm/versions/node/v4.8.6/bin/node',
1 verbose cli   '/home/shelly/.nvm/versions/node/v4.8.6/bin/npm',
1 verbose cli   'run',
1 verbose cli   'live-server' ]
2 info using npm@2.15.11
3 info using node@v4.8.6
4 verbose stack Error: missing script: live-server
4 verbose stack     at run (/home/shelly/.nvm/versions/node/v4.8.6/lib/node_modules/npm/lib/run-script.js:142:19)
4 verbose stack     at /home/shelly/.nvm/versions/node/v4.8.6/lib/node_modules/npm/lib/run-script.js:58:5
4 verbose stack     at /home/shelly/.nvm/versions/node/v4.8.6/lib/node_modules/npm/node_modules/read-package-json/read-json.js:356:5
4 verbose stack     at checkBinReferences_ (/home/shelly/.nvm/versions/node/v4.8.6/lib/node_modules/npm/node_modules/read-package-json/read-json.js:320:45)
4 verbose stack     at final (/home/shelly/.nvm/versions/node/v4.8.6/lib/node_modules/npm/node_modules/read-package-json/read-json.js:354:3)
4 verbose stack     at then (/home/shelly/.nvm/versions/node/v4.8.6/lib/node_modules/npm/node_modules/read-package-json/read-json.js:124:5)
4 verbose stack     at ReadFileContext.<anonymous> (/home/shelly/.nvm/versions/node/v4.8.6/lib/node_modules/npm/node_modules/read-package-json/read-json.js:295:20)
4 verbose stack     at ReadFileContext.callback (/home/shelly/.nvm/versions/node/v4.8.6/lib/node_modules/npm/node_modules/graceful-fs/graceful-fs.js:78:16)
4 verbose stack     at FSReqWrap.readFileAfterOpen [as oncomplete] (fs.js:303:13)
5 verbose cwd /home/shelly/local/CC3/a3proj/a3-local
6 error Linux 4.18.7-arch1-1-ARCH
7 error argv "/home/shelly/.nvm/versions/node/v4.8.6/bin/node" "/home/shelly/.nvm/versions/node/v4.8.6/bin/npm" "run" "live-server"
8 error node v4.8.6
9 error npm  v2.15.11
10 error missing script: live-server
11 error If you need help, you may report this error at:
11 error     <https://github.com/npm/npm/issues>
12 verbose exit [ 1, true ]
